<?xml version="1.0" encoding="UTF-8"?>
<!-- Generated by org.testng.reporters.JUnitReportReporter -->
<testsuite skipped="0" hostname="clm-pun-u2byxw" name="Login.CreateTicket20734" tests="1" failures="0" timestamp="2020-06-29T22:33:18 IST" time="0.087" errors="0">
  <testcase name="createdticketverify" time="0.087" classname="Login.CreateTicket20734"/>
</testsuite> <!-- Login.CreateTicket20734 -->
