<?xml version="1.0" encoding="UTF-8"?>
<!-- Generated by org.testng.reporters.JUnitReportReporter -->
<testsuite skipped="0" hostname="clm-pun-u2byxw" name="Login.sampletest" tests="1" failures="0" timestamp="2020-06-29T16:29:11 IST" time="1.132" errors="0">
  <testcase name="getid" time="1.132" classname="Login.sampletest"/>
</testsuite> <!-- Login.sampletest -->
